<?xml version="1.0" encoding="UTF-8"?>
<!-- Generated by org.testng.reporters.JUnitXMLReporter -->
<testsuite ignored="0" hostname="DESKTOP-G4VDTAR" failures="0" tests="3" name="Default test(failed)" time="7.314" errors="0" timestamp="2020-11-09T22:18:42 EST">
  <testcase classname="com.TestCases.ProductNServicePageTest" name="@BeforeMethod SetUp" time="7.236">
    <failure type="java.lang.NullPointerException">
      <![CDATA[java.lang.NullPointerException
at com.TestCases.ProductNServicePageTest.SetUp(ProductNServicePageTest.java:29)
at java.base/java.util.ArrayList.forEach(ArrayList.java:1540)
... Removed 31 stack frames]]>
    </failure>
  </testcase> <!-- @BeforeMethod SetUp -->
  <testcase classname="com.TestCases.ProductNServicePageTest" name="@AfterMethod Teardown" time="-1.604978322224E9">
    <skipped/>
  </testcase> <!-- @AfterMethod Teardown -->
  <testcase classname="com.TestCases.ProductNServicePageTest" name="@BeforeMethod SetUp" time="-1.60497832223E9">
    <skipped/>
  </testcase> <!-- @BeforeMethod SetUp -->
  <testcase classname="com.TestCases.ProductNServicePageTest" name="@AfterMethod Teardown" time="-1.604978322237E9">
    <skipped/>
  </testcase> <!-- @AfterMethod Teardown -->
  <testcase classname="com.TestCases.ProductNServicePageTest" name="@BeforeMethod SetUp" time="-1.60497832224E9">
    <skipped/>
  </testcase> <!-- @BeforeMethod SetUp -->
  <testcase classname="com.TestCases.ProductNServicePageTest" name="@AfterMethod Teardown" time="-1.604978322245E9">
    <skipped/>
  </testcase> <!-- @AfterMethod Teardown -->
  <testcase classname="com.TestCases.ProductNServicePageTest" name="CreateNewOrder" time="0.0">
    <skipped/>
  </testcase> <!-- CreateNewOrder -->
  <testcase classname="com.TestCases.ProductNServicePageTest" name="ClickProductNServices" time="0.0">
    <skipped/>
  </testcase> <!-- ClickProductNServices -->
  <testcase classname="com.TestCases.ProductNServicePageTest" name="ClickNewService" time="0.0">
    <skipped/>
  </testcase> <!-- ClickNewService -->
</testsuite> <!-- Default test(failed) -->
