<?xml version="1.0" encoding="UTF-8"?>
<!-- Generated by org.testng.reporters.JUnitXMLReporter -->
<testsuite ignored="0" hostname="DESKTOP-G4VDTAR" failures="0" tests="4" name="Default test" time="40.803" errors="0" timestamp="2020-11-11T10:28:53 EST">
  <testcase classname="com.TestCases.LoginPageTest" name="VerifyLoginPage" time="3.048"/>
  <testcase classname="com.TestCases.LoginPageTest" name="VerifyLogoofThePage" time="0.473"/>
  <testcase classname="com.TestCases.LoginPageTest" name="VerifyTitleofThePage" time="0.399"/>
  <testcase classname="com.TestCases.LoginPageTest" name="verifyErrorMessagewithinvaliduspw" time="6.689"/>
</testsuite> <!-- Default test -->
