<?xml version="1.0" encoding="UTF-8"?>
<!-- Generated by org.testng.reporters.JUnitXMLReporter -->
<testsuite ignored="4" hostname="DESKTOP-G4VDTAR" failures="0" tests="1" name="Default test" time="8.559" errors="0" timestamp="2020-11-25T23:04:45 EST">
  <testcase classname="com.TestCases.CategoryPageTest" name="WhiteBackground" time="0.517"/>
  <testcase classname="com.TestCases.CategoryPageTest" name="verifyErrorCreated" time="0.0">
    <ignored/>
  </testcase> <!-- verifyErrorCreated -->
  <testcase classname="com.TestCases.CategoryPageTest" name="BlueBackground" time="0.0">
    <ignored/>
  </testcase> <!-- BlueBackground -->
  <testcase classname="com.TestCases.CategoryPageTest" name="verifyNewCategoryCreated" time="0.0">
    <ignored/>
  </testcase> <!-- verifyNewCategoryCreated -->
  <testcase classname="com.TestCases.CategoryPageTest" name="verifytheTwelveMonths" time="0.0">
    <ignored/>
  </testcase> <!-- verifytheTwelveMonths -->
</testsuite> <!-- Default test -->
