<?xml version="1.0" encoding="UTF-8"?>
<!-- Generated by org.testng.reporters.JUnitXMLReporter -->
<testsuite ignored="0" hostname="DESKTOP-G4VDTAR" failures="0" tests="8" name="Test" time="106.233" errors="0" timestamp="2020-11-10T21:43:18 EST">
  <testcase classname="com.TestCases.LoginPageTest" name="VerifyLoginPage" time="2.802"/>
  <testcase classname="com.TestCases.LoginPageTest" name="VerifyLogoofThePage" time="0.098"/>
  <testcase classname="com.TestCases.LoginPageTest" name="VerifyTitleofThePage" time="0.02"/>
  <testcase classname="com.TestCases.LoginPageTest" name="verifyErrorMessagewithinvaliduspw" time="6.695"/>
  <testcase classname="com.TestCases.ProductNServicePageTest" name="CreateNewOrder" time="3.229"/>
  <testcase classname="com.TestCases.ProductNServicePageTest" name="CreateNewOrder" time="2.999"/>
  <testcase classname="com.TestCases.ProductNServicePageTest" name="CreateNewOrder" time="3.28"/>
  <testcase classname="com.TestCases.ProductNServicePageTest" name="CreateNewOrder" time="3.35"/>
</testsuite> <!-- Test -->
