<?xml version="1.0" encoding="UTF-8"?>
<!-- Generated by org.testng.reporters.JUnitXMLReporter -->
<testsuite ignored="0" hostname="DESKTOP-G4VDTAR" failures="0" tests="4" name="Test" time="43.152" errors="0" timestamp="2020-11-08T16:35:56 EST">
  <testcase classname="com.TestCases.LoginPageTest" name="VerifyLoginPage" time="3.521"/>
  <testcase classname="com.TestCases.LoginPageTest" name="VerifyLogoofThePage" time="0.179"/>
  <testcase classname="com.TestCases.LoginPageTest" name="VerifyTitleofThePage" time="0.032"/>
  <testcase classname="com.TestCases.LoginPageTest" name="verifyErrorMessagewithinvaliduspw" time="6.825"/>
</testsuite> <!-- Test -->
