<?xml version="1.0" encoding="UTF-8"?>
<testng-results ignored="0" total="4" passed="4" failed="0" skipped="0">
  <reporter-output>
  </reporter-output>
  <suite started-at="2020-11-11T10:28:12 EST" name="Default suite" finished-at="2020-11-11T10:28:53 EST" duration-ms="40803">
    <groups>
    </groups>
    <test started-at="2020-11-11T10:28:12 EST" name="Default test" finished-at="2020-11-11T10:28:53 EST" duration-ms="40803">
      <class name="com.TestCases.LoginPageTest">
        <test-method is-config="true" signature="SetUp()[pri:0, instance:com.TestCases.LoginPageTest@6bf0219d]" started-at="2020-11-11T10:28:12 EST" name="SetUp" finished-at="2020-11-11T10:28:20 EST" duration-ms="7504" status="PASS">
          <reporter-output>
          </reporter-output>
        </test-method> <!-- SetUp -->
        <test-method signature="VerifyLoginPage()[pri:0, instance:com.TestCases.LoginPageTest@6bf0219d]" started-at="2020-11-11T10:28:20 EST" name="VerifyLoginPage" description="This will test login feature" finished-at="2020-11-11T10:28:23 EST" duration-ms="3048" status="PASS">
          <reporter-output>
          </reporter-output>
        </test-method> <!-- VerifyLoginPage -->
        <test-method is-config="true" signature="Teardown()[pri:0, instance:com.TestCases.LoginPageTest@6bf0219d]" started-at="2020-11-11T10:28:23 EST" name="Teardown" finished-at="2020-11-11T10:28:24 EST" duration-ms="818" status="PASS">
          <reporter-output>
          </reporter-output>
        </test-method> <!-- Teardown -->
        <test-method is-config="true" signature="SetUp()[pri:0, instance:com.TestCases.LoginPageTest@6bf0219d]" started-at="2020-11-11T10:28:24 EST" name="SetUp" finished-at="2020-11-11T10:28:30 EST" duration-ms="6601" status="PASS">
          <reporter-output>
          </reporter-output>
        </test-method> <!-- SetUp -->
        <test-method signature="VerifyLogoofThePage()[pri:0, instance:com.TestCases.LoginPageTest@6bf0219d]" started-at="2020-11-11T10:28:30 EST" name="VerifyLogoofThePage" description="THis will verify logo" finished-at="2020-11-11T10:28:31 EST" duration-ms="473" status="PASS">
          <reporter-output>
          </reporter-output>
        </test-method> <!-- VerifyLogoofThePage -->
        <test-method is-config="true" signature="Teardown()[pri:0, instance:com.TestCases.LoginPageTest@6bf0219d]" started-at="2020-11-11T10:28:31 EST" name="Teardown" finished-at="2020-11-11T10:28:31 EST" duration-ms="703" status="PASS">
          <reporter-output>
          </reporter-output>
        </test-method> <!-- Teardown -->
        <test-method is-config="true" signature="SetUp()[pri:0, instance:com.TestCases.LoginPageTest@6bf0219d]" started-at="2020-11-11T10:28:31 EST" name="SetUp" finished-at="2020-11-11T10:28:38 EST" duration-ms="6496" status="PASS">
          <reporter-output>
          </reporter-output>
        </test-method> <!-- SetUp -->
        <test-method signature="VerifyTitleofThePage()[pri:0, instance:com.TestCases.LoginPageTest@6bf0219d]" started-at="2020-11-11T10:28:38 EST" name="VerifyTitleofThePage" description="this will verify title of login page" finished-at="2020-11-11T10:28:38 EST" duration-ms="399" status="PASS">
          <reporter-output>
          </reporter-output>
        </test-method> <!-- VerifyTitleofThePage -->
        <test-method is-config="true" signature="Teardown()[pri:0, instance:com.TestCases.LoginPageTest@6bf0219d]" started-at="2020-11-11T10:28:38 EST" name="Teardown" finished-at="2020-11-11T10:28:39 EST" duration-ms="696" status="PASS">
          <reporter-output>
          </reporter-output>
        </test-method> <!-- Teardown -->
        <test-method is-config="true" signature="SetUp()[pri:0, instance:com.TestCases.LoginPageTest@6bf0219d]" started-at="2020-11-11T10:28:39 EST" name="SetUp" finished-at="2020-11-11T10:28:46 EST" duration-ms="6611" status="PASS">
          <reporter-output>
          </reporter-output>
        </test-method> <!-- SetUp -->
        <test-method signature="verifyErrorMessagewithinvaliduspw()[pri:0, instance:com.TestCases.LoginPageTest@6bf0219d]" started-at="2020-11-11T10:28:46 EST" name="verifyErrorMessagewithinvaliduspw" description="Verify login error message" finished-at="2020-11-11T10:28:52 EST" duration-ms="6689" status="PASS">
          <reporter-output>
          </reporter-output>
        </test-method> <!-- verifyErrorMessagewithinvaliduspw -->
        <test-method is-config="true" signature="Teardown()[pri:0, instance:com.TestCases.LoginPageTest@6bf0219d]" started-at="2020-11-11T10:28:52 EST" name="Teardown" finished-at="2020-11-11T10:28:53 EST" duration-ms="710" status="PASS">
          <reporter-output>
          </reporter-output>
        </test-method> <!-- Teardown -->
      </class> <!-- com.TestCases.LoginPageTest -->
    </test> <!-- Default test -->
  </suite> <!-- Default suite -->
</testng-results>
