<?xml version="1.0" encoding="UTF-8"?>
<testng-results ignored="3" total="4" passed="1" failed="0" skipped="0">
  <reporter-output>
  </reporter-output>
  <suite started-at="2022-07-26T21:32:00 EDT" name="Default suite" finished-at="2022-07-26T21:32:06 EDT" duration-ms="6301">
    <groups>
    </groups>
    <test started-at="2022-07-26T21:32:00 EDT" name="Default test" finished-at="2022-07-26T21:32:06 EDT" duration-ms="6301">
      <class name="com.TestCases.LoginPageTest">
        <test-method is-config="true" signature="SetUp()[pri:0, instance:com.TestCases.LoginPageTest@67080771]" started-at="2022-07-26T21:32:00 EDT" name="SetUp" finished-at="2022-07-26T21:32:03 EDT" duration-ms="3403" status="PASS">
          <reporter-output>
          </reporter-output>
        </test-method> <!-- SetUp -->
        <test-method signature="VerifyLoginPage()[pri:0, instance:com.TestCases.LoginPageTest@67080771]" started-at="2022-07-26T21:32:03 EDT" name="VerifyLoginPage" description="This will test login feature" finished-at="2022-07-26T21:32:05 EDT" duration-ms="2084" status="PASS">
          <reporter-output>
          </reporter-output>
        </test-method> <!-- VerifyLoginPage -->
        <test-method is-config="true" signature="Teardown()[pri:0, instance:com.TestCases.LoginPageTest@67080771]" started-at="2022-07-26T21:32:05 EDT" name="Teardown" finished-at="2022-07-26T21:32:06 EDT" duration-ms="740" status="PASS">
          <reporter-output>
          </reporter-output>
        </test-method> <!-- Teardown -->
      </class> <!-- com.TestCases.LoginPageTest -->
    </test> <!-- Default test -->
  </suite> <!-- Default suite -->
</testng-results>
